Arguments: 
  /Users/irenedenicolo/.nvm/versions/node/v8.5.0/bin/node /usr/local/Cellar/yarn/1.5.1_1/libexec/bin/yarn.js add -D enzyme enzyme-adapter-react-16 react-test-renderer Jest-enzyme

PATH: 
  /Users/irenedenicolo/.nvm/versions/node/v8.5.0/bin:/usr/local/bin:/usr/bin:/bin:/usr/sbin:/sbin:/usr/local/bin

Yarn version: 
  1.5.1

Node version: 
  8.5.0

Platform: 
  darwin x64

npm manifest: 
  No manifest

yarn manifest: 
  No manifest

Lockfile: 
  No lockfile

Trace: 
  Error: Couldn't find package "Jest-enzyme" on the "npm" registry.
      at new MessageError (/usr/local/Cellar/yarn/1.5.1_1/libexec/lib/cli.js:186:110)
      at NpmResolver.<anonymous> (/usr/local/Cellar/yarn/1.5.1_1/libexec/lib/cli.js:51625:15)
      at Generator.next (<anonymous>)
      at step (/usr/local/Cellar/yarn/1.5.1_1/libexec/lib/cli.js:98:30)
      at /usr/local/Cellar/yarn/1.5.1_1/libexec/lib/cli.js:109:13
      at <anonymous>
      at process._tickCallback (internal/process/next_tick.js:188:7)
